<?xml version="1.0" encoding="UTF-8"?>
<testng-results ignored="0" total="3" passed="3" failed="0" skipped="0">
  <reporter-output>
  </reporter-output>
  <suite started-at="2022-01-06T06:36:01Z" name="Default suite" finished-at="2022-01-06T06:36:49Z" duration-ms="48379">
    <groups>
    </groups>
    <test started-at="2022-01-06T06:36:01Z" name="Default test" finished-at="2022-01-06T06:36:49Z" duration-ms="48379">
      <class name="testCases.applyForJob">
        <test-method signature="launchApp()[pri:1, instance:testCases.applyForJob@6853425f]" started-at="2022-01-06T06:36:01Z" name="launchApp" finished-at="2022-01-06T06:36:27Z" duration-ms="26505" status="PASS">
          <reporter-output>
          </reporter-output>
        </test-method> <!-- launchApp -->
        <test-method signature="searchJob()[pri:2, instance:testCases.applyForJob@6853425f]" started-at="2022-01-06T06:36:27Z" name="searchJob" finished-at="2022-01-06T06:36:37Z" duration-ms="10123" status="PASS">
          <reporter-output>
          </reporter-output>
        </test-method> <!-- searchJob -->
        <test-method signature="applyForJobToUX()[pri:3, instance:testCases.applyForJob@6853425f]" started-at="2022-01-06T06:36:37Z" name="applyForJobToUX" finished-at="2022-01-06T06:36:48Z" duration-ms="10447" status="PASS">
          <reporter-output>
          </reporter-output>
        </test-method> <!-- applyForJobToUX -->
        <test-method is-config="true" signature="tearDown()[pri:0, instance:testCases.applyForJob@6853425f]" started-at="2022-01-06T06:36:48Z" name="tearDown" finished-at="2022-01-06T06:36:49Z" duration-ms="1215" status="PASS">
          <reporter-output>
          </reporter-output>
        </test-method> <!-- tearDown -->
      </class> <!-- testCases.applyForJob -->
    </test> <!-- Default test -->
  </suite> <!-- Default suite -->
</testng-results>
